09/12/2021, 18:06:30 - INFO - Server is running on port: 3030 
09/12/2021, 18:10:55 - INFO - Server is running on port: 3030 
09/12/2021, 18:12:14 - INFO - Server is running on port: 3030 
09/12/2021, 18:16:12 - INFO - Server is running on port: 3030 
09/12/2021, 18:16:42 - INFO - Server is running on port: 3030 
09/12/2021, 18:19:25 - INFO - Server is running on port: 3030 
09/12/2021, 18:20:27 - INFO - Server is running on port: 3030 
09/12/2021, 18:39:23 - INFO - Server is running on port: 3030 
09/12/2021, 18:43:49 - INFO - Server is running on port: 3030 
09/12/2021, 18:57:24 - INFO - Server is running on port: 3030 
09/12/2021, 18:59:40 - INFO - Server is running on port: 3030 
09/12/2021, 19:05:17 - INFO - Server is running on port: 3030 
09/12/2021, 19:05:50 - INFO - Server is running on port: 3030 
09/12/2021, 19:07:33 - INFO - Server is running on port: 3030 
09/12/2021, 19:13:09 - INFO - Server is running on port: 3030 
09/12/2021, 19:38:34 - INFO - Server is running on port: 3030 
09/12/2021, 19:38:43 - INFO - Server is running on port: 3030 
09/12/2021, 19:38:53 - INFO - Server is running on port: 3030 
09/12/2021, 19:39:02 - INFO - Server is running on port: 3030 
09/12/2021, 19:39:30 - INFO - Server is running on port: 3030 
09/12/2021, 19:40:34 - INFO - Server is running on port: 3030 
09/12/2021, 19:42:47 - INFO - Server is running on port: 3030 
09/12/2021, 19:56:22 - INFO - Server is running on port: 3030 
09/12/2021, 19:59:44 - INFO - Server is running on port: 3030 
09/12/2021, 20:02:26 - INFO - Server is running on port: 3030 
09/12/2021, 20:03:43 - INFO - Server is running on port: 3030 
09/12/2021, 20:04:01 - INFO - Server is running on port: 3030 
09/12/2021, 20:06:13 - INFO - Server is running on port: 3030 
09/12/2021, 20:06:43 - INFO - Server is running on port: 3030 
09/12/2021, 20:06:53 - INFO - Server is running on port: 3030 
09/12/2021, 20:07:09 - INFO - Server is running on port: 3030 
09/12/2021, 20:08:20 - INFO - Server is running on port: 3030 
09/12/2021, 20:10:57 - INFO - Server is running on port: 3030 
09/12/2021, 20:11:03 - INFO - Server is running on port: 3030 
09/12/2021, 20:11:17 - INFO - Server is running on port: 3030 
09/12/2021, 20:11:30 - INFO - Server is running on port: 3030 
09/12/2021, 20:11:40 - INFO - Server is running on port: 3030 
09/12/2021, 20:14:53 - INFO - Server is running on port: 3030 
09/12/2021, 20:15:21 - INFO - Server is running on port: 3030 
09/12/2021, 20:15:56 - INFO - Server is running on port: 3030 
09/12/2021, 20:20:20 - INFO - Server is running on port: 3030 
09/12/2021, 20:23:16 - INFO - Server is running on port: 3030 
09/12/2021, 20:28:12 - INFO - Server is running on port: 3030 
09/12/2021, 20:30:21 - INFO - Server is running on port: 3030 
09/12/2021, 20:30:31 - INFO - Server is running on port: 3030 
09/12/2021, 20:30:36 - INFO - Server is running on port: 3030 
09/12/2021, 20:30:43 - INFO - Server is running on port: 3030 
09/12/2021, 20:30:45 - INFO - Server is running on port: 3030 
09/12/2021, 20:30:50 - INFO - Server is running on port: 3030 
09/12/2021, 20:33:39 - INFO - Server is running on port: 3030 
09/12/2021, 20:34:16 - INFO - Server is running on port: 3030 
09/12/2021, 23:31:06 - INFO - Server is running on port: 3030 
09/12/2021, 23:33:17 - INFO - Server is running on port: 3030 
09/12/2021, 23:37:42 - INFO - Server is running on port: 3030 
09/12/2021, 23:39:21 - INFO - Server is running on port: 3030 
09/12/2021, 23:41:01 - INFO - Server is running on port: 3030 
09/12/2021, 23:41:23 - INFO - Server is running on port: 3030 
09/12/2021, 23:41:45 - INFO - Server is running on port: 3030 
09/12/2021, 23:48:28 - INFO - Server is running on port: 3030 
09/12/2021, 23:51:27 - INFO - Server is running on port: 3030 
09/12/2021, 23:52:43 - INFO - Server is running on port: 3030 
09/12/2021, 23:53:41 - INFO - Server is running on port: 3030 
09/12/2021, 23:54:17 - INFO - Server is running on port: 3030 
09/12/2021, 23:58:47 - INFO - Server is running on port: 3030 
09/12/2021, 23:58:51 - ERROR - cannot find todos | TypeError: dbService.find is not a function 
09/12/2021, 23:58:51 - ERROR - Failed to get todos | TypeError: dbService.find is not a function 
10/12/2021, 0:01:24 - INFO - Server is running on port: 3030 
10/12/2021, 0:01:31 - ERROR - cannot find todos | ObjectParameterError: Parameter "filter" to find() must be an object, got todo 
10/12/2021, 0:01:31 - ERROR - Failed to get todos | ObjectParameterError: Parameter "filter" to find() must be an object, got todo 
10/12/2021, 0:02:38 - INFO - Server is running on port: 3030 
10/12/2021, 0:02:40 - ERROR - cannot find todos | ObjectParameterError: Parameter "filter" to find() must be an object, got todo 
10/12/2021, 0:02:40 - ERROR - Failed to get todos | ObjectParameterError: Parameter "filter" to find() must be an object, got todo 
10/12/2021, 0:04:16 - INFO - Server is running on port: 3030 
10/12/2021, 0:04:17 - INFO - Server is running on port: 3030 
10/12/2021, 0:04:18 - INFO - Server is running on port: 3030 
10/12/2021, 0:04:21 - ERROR - cannot find todos | ObjectParameterError: Parameter "filter" to find() must be an object, got todo 
10/12/2021, 0:04:21 - ERROR - Failed to get todos | ObjectParameterError: Parameter "filter" to find() must be an object, got todo 
10/12/2021, 0:06:43 - INFO - Server is running on port: 3030 
10/12/2021, 0:08:21 - INFO - Server is running on port: 3030 
10/12/2021, 0:09:00 - INFO - Server is running on port: 3030 
10/12/2021, 0:09:23 - INFO - Server is running on port: 3030 
10/12/2021, 0:09:35 - INFO - Server is running on port: 3030 
10/12/2021, 0:10:29 - INFO - Server is running on port: 3030 
10/12/2021, 0:11:05 - INFO - Server is running on port: 3030 
10/12/2021, 0:14:47 - INFO - Server is running on port: 3030 
10/12/2021, 0:15:57 - INFO - Server is running on port: 3030 
10/12/2021, 0:16:25 - INFO - Server is running on port: 3030 
10/12/2021, 0:17:59 - INFO - Server is running on port: 3030 
10/12/2021, 0:18:22 - INFO - Server is running on port: 3030 
10/12/2021, 0:18:24 - INFO - Server is running on port: 3030 
10/12/2021, 0:18:28 - ERROR - cannot find todos | ReferenceError: todo is not defined 
10/12/2021, 0:18:28 - ERROR - Failed to get todos | ReferenceError: todo is not defined 
10/12/2021, 0:18:55 - INFO - Server is running on port: 3030 
10/12/2021, 0:20:12 - INFO - Server is running on port: 3030 
10/12/2021, 0:20:21 - INFO - Server is running on port: 3030 
10/12/2021, 0:20:33 - INFO - Server is running on port: 3030 
10/12/2021, 0:22:48 - INFO - Server is running on port: 3030 
10/12/2021, 0:23:04 - INFO - Server is running on port: 3030 
10/12/2021, 0:24:13 - INFO - Server is running on port: 3030 
10/12/2021, 0:24:26 - INFO - Server is running on port: 3030 
10/12/2021, 0:25:48 - INFO - Server is running on port: 3030 
10/12/2021, 0:26:43 - INFO - Server is running on port: 3030 
10/12/2021, 0:27:44 - INFO - Server is running on port: 3030 
10/12/2021, 0:27:48 - ERROR - cannot find todos | TypeError: Cannot read property 'find' of undefined 
10/12/2021, 0:27:48 - ERROR - Failed to get todos | TypeError: Cannot read property 'find' of undefined 
10/12/2021, 0:30:05 - INFO - Server is running on port: 3030 
10/12/2021, 0:30:12 - ERROR - cannot find todos | TypeError: Cannot read property 'find' of undefined 
10/12/2021, 0:30:12 - ERROR - Failed to get todos | TypeError: Cannot read property 'find' of undefined 
10/12/2021, 0:30:36 - INFO - Server is running on port: 3030 
10/12/2021, 0:31:10 - INFO - Server is running on port: 3030 
10/12/2021, 0:31:41 - INFO - Server is running on port: 3030 
10/12/2021, 0:31:44 - INFO - Server is running on port: 3030 
10/12/2021, 0:32:27 - INFO - Server is running on port: 3030 
10/12/2021, 0:33:09 - INFO - Server is running on port: 3030 
10/12/2021, 0:33:19 - INFO - Server is running on port: 3030 
10/12/2021, 0:41:00 - INFO - Server is running on port: 3030 
10/12/2021, 0:41:44 - INFO - Server is running on port: 3030 
10/12/2021, 0:41:54 - INFO - Server is running on port: 3030 
10/12/2021, 0:41:59 - INFO - Server is running on port: 3030 
10/12/2021, 0:42:28 - INFO - Server is running on port: 3030 
10/12/2021, 0:42:35 - INFO - Server is running on port: 3030 
10/12/2021, 0:42:39 - ERROR - Failed to get todos | ReferenceError: todo is not defined 
10/12/2021, 0:43:15 - INFO - Server is running on port: 3030 
10/12/2021, 0:43:33 - INFO - Server is running on port: 3030 
10/12/2021, 0:43:40 - INFO - Server is running on port: 3030 
10/12/2021, 0:43:59 - INFO - Server is running on port: 3030 
10/12/2021, 0:46:34 - INFO - Server is running on port: 3030 
10/12/2021, 0:46:58 - INFO - Server is running on port: 3030 
10/12/2021, 0:47:46 - INFO - Server is running on port: 3030 
10/12/2021, 0:49:38 - INFO - Server is running on port: 3030 
10/12/2021, 0:51:15 - INFO - Server is running on port: 3030 
10/12/2021, 0:51:23 - INFO - Server is running on port: 3030 
10/12/2021, 0:51:32 - INFO - Server is running on port: 3030 
10/12/2021, 0:54:33 - INFO - Server is running on port: 3030 
10/12/2021, 0:55:56 - INFO - Server is running on port: 3030 
10/12/2021, 1:01:08 - INFO - Server is running on port: 3030 
10/12/2021, 1:02:03 - INFO - Server is running on port: 3030 
10/12/2021, 1:02:36 - INFO - Server is running on port: 3030 
10/12/2021, 8:33:54 - INFO - Server is running on port: 3030 
10/12/2021, 8:34:23 - INFO - Server is running on port: 3030 
10/12/2021, 8:48:01 - INFO - Server is running on port: 3030 
10/12/2021, 8:48:37 - INFO - Server is running on port: 3030 
10/12/2021, 8:49:07 - ERROR - Failed to get todos | TypeError: todoService.add is not a function 
10/12/2021, 8:49:30 - ERROR - Failed to get todos | TypeError: todoService.add is not a function 
10/12/2021, 8:50:00 - INFO - Server is running on port: 3030 
10/12/2021, 8:50:03 - ERROR - Failed to get todos | TypeError: todoService.add is not a function 
10/12/2021, 8:51:12 - INFO - Server is running on port: 3030 
10/12/2021, 8:51:20 - ERROR - cannot insert todo | ReferenceError: req is not defined 
10/12/2021, 8:51:20 - ERROR - Failed to get todos | ReferenceError: req is not defined 
10/12/2021, 8:52:23 - INFO - Server is running on port: 3030 
10/12/2021, 8:52:27 - ERROR - cannot insert todo | ReferenceError: Cannot access 'todo' before initialization 
10/12/2021, 8:52:27 - ERROR - Failed to get todos | ReferenceError: Cannot access 'todo' before initialization 
10/12/2021, 8:52:49 - INFO - Server is running on port: 3030 
10/12/2021, 8:52:54 - ERROR - cannot insert todo | ReferenceError: Cannot access 'todo' before initialization 
10/12/2021, 8:52:54 - ERROR - Failed to get todos | ReferenceError: Cannot access 'todo' before initialization 
10/12/2021, 8:53:34 - INFO - Server is running on port: 3030 
10/12/2021, 8:55:33 - INFO - Server is running on port: 3030 
10/12/2021, 8:58:02 - INFO - Server is running on port: 3030 
10/12/2021, 8:59:48 - INFO - Server is running on port: 3030 
10/12/2021, 9:00:51 - INFO - Server is running on port: 3030 
10/12/2021, 9:05:24 - INFO - Server is running on port: 3030 
10/12/2021, 9:09:00 - INFO - Server is running on port: 3030 
10/12/2021, 9:10:02 - ERROR - Failed to get todo | TypeError: todoService.getById is not a function 
10/12/2021, 9:10:18 - INFO - Server is running on port: 3030 
10/12/2021, 9:10:53 - INFO - Server is running on port: 3030 
10/12/2021, 9:11:38 - INFO - Server is running on port: 3030 
10/12/2021, 9:12:07 - INFO - Server is running on port: 3030 
10/12/2021, 9:12:23 - INFO - Server is running on port: 3030 
10/12/2021, 9:16:03 - INFO - Server is running on port: 3030 
10/12/2021, 9:17:42 - INFO - Server is running on port: 3030 
10/12/2021, 9:20:06 - INFO - Server is running on port: 3030 
10/12/2021, 9:20:55 - INFO - Server is running on port: 3030 
10/12/2021, 9:22:48 - INFO - Server is running on port: 3030 
10/12/2021, 9:22:54 - INFO - Server is running on port: 3030 
10/12/2021, 9:28:15 - INFO - Server is running on port: 3030 
10/12/2021, 9:28:47 - INFO - Server is running on port: 3030 
10/12/2021, 9:30:49 - INFO - Server is running on port: 3030 
10/12/2021, 9:38:34 - INFO - Server is running on port: 3030 
10/12/2021, 9:38:55 - ERROR - cannot update todo undefined | TypeError: Cannot read property 'update' of null 
10/12/2021, 9:38:55 - ERROR - Failed to update todo | TypeError: Cannot read property 'update' of null 
10/12/2021, 9:39:33 - INFO - Server is running on port: 3030 
10/12/2021, 9:39:37 - ERROR - cannot update todo undefined | TypeError: Cannot read property 'update' of null 
10/12/2021, 9:39:37 - ERROR - Failed to update todo | TypeError: Cannot read property 'update' of null 
10/12/2021, 9:40:49 - INFO - Server is running on port: 3030 
10/12/2021, 9:41:44 - INFO - Server is running on port: 3030 
10/12/2021, 9:44:51 - INFO - Server is running on port: 3030 
10/12/2021, 9:45:33 - INFO - Server is running on port: 3030 
10/12/2021, 9:46:56 - INFO - Server is running on port: 3030 
10/12/2021, 9:48:39 - INFO - Server is running on port: 3030 
10/12/2021, 9:48:55 - INFO - Server is running on port: 3030 
10/12/2021, 9:49:21 - INFO - Server is running on port: 3030 
10/12/2021, 9:50:09 - INFO - Server is running on port: 3030 
10/12/2021, 9:50:13 - INFO - Server is running on port: 3030 
10/12/2021, 9:53:47 - INFO - Server is running on port: 3030 
10/12/2021, 9:59:49 - INFO - Server is running on port: 3030 
10/12/2021, 10:02:59 - INFO - Server is running on port: 3030 
10/12/2021, 10:03:28 - INFO - Server is running on port: 3030 
10/12/2021, 10:03:33 - INFO - Server is running on port: 3030 
10/12/2021, 10:03:49 - INFO - Server is running on port: 3030 
10/12/2021, 10:07:27 - INFO - Server is running on port: 3030 
10/12/2021, 10:07:31 - INFO - Server is running on port: 3030 
10/12/2021, 10:08:03 - INFO - Server is running on port: 3030 
10/12/2021, 10:26:06 - INFO - Server is running on port: 3030 
10/12/2021, 10:37:18 - INFO - Server is running on port: 3030 
10/12/2021, 10:38:15 - INFO - Server is running on port: 3030 
10/12/2021, 10:47:01 - INFO - Server is running on port: 3030 
10/12/2021, 10:48:31 - INFO - Server is running on port: 3030 
10/12/2021, 10:49:01 - INFO - Server is running on port: 3030 
10/12/2021, 10:49:33 - INFO - Server is running on port: 3030 
10/12/2021, 10:50:31 - INFO - Server is running on port: 3030 
10/12/2021, 10:50:34 - ERROR - cannot update todo undefined | ReferenceError: complete is not defined 
10/12/2021, 10:50:34 - ERROR - Failed to update todo | ReferenceError: complete is not defined 
10/12/2021, 10:51:06 - INFO - Server is running on port: 3030 
10/12/2021, 10:51:07 - ERROR - cannot update todo undefined | CastError: Cast to Boolean failed for value "!complete" (type string) at path "complete" 
10/12/2021, 10:51:07 - ERROR - Failed to update todo | CastError: Cast to Boolean failed for value "!complete" (type string) at path "complete" 
10/12/2021, 10:52:18 - INFO - Server is running on port: 3030 
10/12/2021, 10:52:59 - INFO - Server is running on port: 3030 
10/12/2021, 10:53:02 - ERROR - cannot update todo undefined | CastError: Cast to ObjectId failed for value "{}" (type Object) at path "_id" for model "Todo" 
10/12/2021, 10:53:02 - ERROR - Failed to update todo | CastError: Cast to ObjectId failed for value "{}" (type Object) at path "_id" for model "Todo" 
10/12/2021, 10:54:18 - ERROR - cannot update todo undefined | CastError: Cast to ObjectId failed for value "{}" (type Object) at path "_id" for model "Todo" 
10/12/2021, 10:54:18 - ERROR - Failed to update todo | CastError: Cast to ObjectId failed for value "{}" (type Object) at path "_id" for model "Todo" 
10/12/2021, 10:54:26 - INFO - Server is running on port: 3030 
10/12/2021, 10:54:29 - ERROR - cannot update todo undefined | CastError: Cast to ObjectId failed for value "{ id: '61b2fe377682396e113ac2e5' }" (type Object) at path "_id" for model "Todo" 
10/12/2021, 10:54:29 - ERROR - Failed to update todo | CastError: Cast to ObjectId failed for value "{ id: '61b2fe377682396e113ac2e5' }" (type Object) at path "_id" for model "Todo" 
10/12/2021, 10:54:42 - INFO - Server is running on port: 3030 
10/12/2021, 10:55:18 - INFO - Server is running on port: 3030 
10/12/2021, 10:55:34 - INFO - Server is running on port: 3030 
10/12/2021, 10:55:45 - INFO - Server is running on port: 3030 
10/12/2021, 10:57:29 - INFO - Server is running on port: 3030 
10/12/2021, 10:59:29 - INFO - Server is running on port: 3030 
10/12/2021, 15:37:48 - INFO - Server is running on port: 3030 
10/12/2021, 23:15:07 - ERROR - cannot remove Todo undefined | CastError: Cast to ObjectId failed for value "undefined" (type string) at path "_id" for model "Todo" 
10/12/2021, 23:15:07 - ERROR - Failed to remove todo | CastError: Cast to ObjectId failed for value "undefined" (type string) at path "_id" for model "Todo" 
10/12/2021, 23:15:09 - ERROR - cannot remove Todo undefined | CastError: Cast to ObjectId failed for value "undefined" (type string) at path "_id" for model "Todo" 
10/12/2021, 23:15:09 - ERROR - Failed to remove todo | CastError: Cast to ObjectId failed for value "undefined" (type string) at path "_id" for model "Todo" 
10/12/2021, 23:15:10 - ERROR - cannot remove Todo undefined | CastError: Cast to ObjectId failed for value "undefined" (type string) at path "_id" for model "Todo" 
10/12/2021, 23:15:10 - ERROR - Failed to remove todo | CastError: Cast to ObjectId failed for value "undefined" (type string) at path "_id" for model "Todo" 
10/12/2021, 23:15:11 - ERROR - cannot remove Todo undefined | CastError: Cast to ObjectId failed for value "undefined" (type string) at path "_id" for model "Todo" 
10/12/2021, 23:15:11 - ERROR - Failed to remove todo | CastError: Cast to ObjectId failed for value "undefined" (type string) at path "_id" for model "Todo" 
10/12/2021, 23:15:11 - ERROR - cannot remove Todo undefined | CastError: Cast to ObjectId failed for value "undefined" (type string) at path "_id" for model "Todo" 
10/12/2021, 23:15:11 - ERROR - Failed to remove todo | CastError: Cast to ObjectId failed for value "undefined" (type string) at path "_id" for model "Todo" 
10/12/2021, 23:15:12 - ERROR - cannot remove Todo undefined | CastError: Cast to ObjectId failed for value "undefined" (type string) at path "_id" for model "Todo" 
10/12/2021, 23:15:12 - ERROR - Failed to remove todo | CastError: Cast to ObjectId failed for value "undefined" (type string) at path "_id" for model "Todo" 
10/12/2021, 23:15:12 - ERROR - cannot remove Todo undefined | CastError: Cast to ObjectId failed for value "undefined" (type string) at path "_id" for model "Todo" 
10/12/2021, 23:15:12 - ERROR - Failed to remove todo | CastError: Cast to ObjectId failed for value "undefined" (type string) at path "_id" for model "Todo" 
10/12/2021, 23:15:12 - ERROR - cannot remove Todo undefined | CastError: Cast to ObjectId failed for value "undefined" (type string) at path "_id" for model "Todo" 
10/12/2021, 23:15:12 - ERROR - Failed to remove todo | CastError: Cast to ObjectId failed for value "undefined" (type string) at path "_id" for model "Todo" 
10/12/2021, 23:15:12 - ERROR - cannot remove Todo undefined | CastError: Cast to ObjectId failed for value "undefined" (type string) at path "_id" for model "Todo" 
10/12/2021, 23:15:12 - ERROR - Failed to remove todo | CastError: Cast to ObjectId failed for value "undefined" (type string) at path "_id" for model "Todo" 
10/12/2021, 23:15:12 - ERROR - cannot remove Todo undefined | CastError: Cast to ObjectId failed for value "undefined" (type string) at path "_id" for model "Todo" 
10/12/2021, 23:15:12 - ERROR - Failed to remove todo | CastError: Cast to ObjectId failed for value "undefined" (type string) at path "_id" for model "Todo" 
10/12/2021, 23:15:13 - ERROR - cannot remove Todo undefined | CastError: Cast to ObjectId failed for value "undefined" (type string) at path "_id" for model "Todo" 
10/12/2021, 23:15:13 - ERROR - Failed to remove todo | CastError: Cast to ObjectId failed for value "undefined" (type string) at path "_id" for model "Todo" 
10/12/2021, 23:15:41 - ERROR - cannot remove Todo undefined | CastError: Cast to ObjectId failed for value "undefined" (type string) at path "_id" for model "Todo" 
10/12/2021, 23:15:41 - ERROR - Failed to remove todo | CastError: Cast to ObjectId failed for value "undefined" (type string) at path "_id" for model "Todo" 
10/12/2021, 23:15:44 - ERROR - cannot remove Todo undefined | CastError: Cast to ObjectId failed for value "undefined" (type string) at path "_id" for model "Todo" 
10/12/2021, 23:15:44 - ERROR - Failed to remove todo | CastError: Cast to ObjectId failed for value "undefined" (type string) at path "_id" for model "Todo" 
10/12/2021, 23:23:23 - INFO - Server is running on port: 3030 
10/12/2021, 23:26:12 - INFO - Server is running on port: 3030 
11/12/2021, 0:25:05 - INFO - Server is running on port: 3030 
11/12/2021, 0:25:43 - INFO - Server is running on port: 3030 
11/12/2021, 0:26:43 - INFO - Server is running on port: 3030 
11/12/2021, 0:26:50 - ERROR - Failed to update todo | Error [ERR_HTTP_HEADERS_SENT]: Cannot set headers after they are sent to the client 
11/12/2021, 0:26:53 - ERROR - Failed to update todo | Error [ERR_HTTP_HEADERS_SENT]: Cannot set headers after they are sent to the client 
11/12/2021, 0:26:54 - ERROR - Failed to update todo | Error [ERR_HTTP_HEADERS_SENT]: Cannot set headers after they are sent to the client 
11/12/2021, 0:26:56 - ERROR - Failed to update todo | Error [ERR_HTTP_HEADERS_SENT]: Cannot set headers after they are sent to the client 
11/12/2021, 0:26:57 - ERROR - Failed to update todo | Error [ERR_HTTP_HEADERS_SENT]: Cannot set headers after they are sent to the client 
11/12/2021, 0:26:58 - ERROR - Failed to update todo | Error [ERR_HTTP_HEADERS_SENT]: Cannot set headers after they are sent to the client 
11/12/2021, 0:27:54 - INFO - Server is running on port: 3030 
11/12/2021, 0:28:20 - INFO - Server is running on port: 3030 
11/12/2021, 0:29:13 - INFO - Server is running on port: 3030 
11/12/2021, 17:05:32 - INFO - Server is running on port: 3030 
12/12/2021, 8:32:02 - INFO - Server is running on port: 3030 
12/12/2021, 16:36:20 - INFO - Server is running on port: 3030 
12/12/2021, 16:41:22 - INFO - Server is running on port: 3030 
12/12/2021, 16:44:29 - INFO - Server is running on port: 3030 
12/12/2021, 16:46:31 - INFO - Server is running on port: 3030 
12/12/2021, 17:33:21 - INFO - Server is running on port: 3030 
12/12/2021, 17:34:03 - INFO - Server is running on port: 3030 
12/12/2021, 17:34:57 - ERROR - cannot find todos | CastError: Cast to string failed for value "{ title: '' }" (type Object) at path "text" for model "Todo" 
12/12/2021, 17:34:57 - ERROR - Failed to get todos | CastError: Cast to string failed for value "{ title: '' }" (type Object) at path "text" for model "Todo" 
12/12/2021, 17:35:00 - ERROR - cannot find todos | CastError: Cast to string failed for value "{ title: 's' }" (type Object) at path "text" for model "Todo" 
12/12/2021, 17:35:00 - ERROR - Failed to get todos | CastError: Cast to string failed for value "{ title: 's' }" (type Object) at path "text" for model "Todo" 
12/12/2021, 17:35:01 - ERROR - cannot find todos | CastError: Cast to string failed for value "{ title: 'si' }" (type Object) at path "text" for model "Todo" 
12/12/2021, 17:35:01 - ERROR - Failed to get todos | CastError: Cast to string failed for value "{ title: 'si' }" (type Object) at path "text" for model "Todo" 
12/12/2021, 17:35:04 - ERROR - cannot find todos | CastError: Cast to string failed for value "{ title: 's' }" (type Object) at path "text" for model "Todo" 
12/12/2021, 17:35:04 - ERROR - Failed to get todos | CastError: Cast to string failed for value "{ title: 's' }" (type Object) at path "text" for model "Todo" 
12/12/2021, 17:35:04 - ERROR - cannot find todos | CastError: Cast to string failed for value "{ title: '' }" (type Object) at path "text" for model "Todo" 
12/12/2021, 17:35:04 - ERROR - Failed to get todos | CastError: Cast to string failed for value "{ title: '' }" (type Object) at path "text" for model "Todo" 
12/12/2021, 17:35:26 - INFO - Server is running on port: 3030 
12/12/2021, 17:36:23 - INFO - Server is running on port: 3030 
12/12/2021, 17:37:15 - INFO - Server is running on port: 3030 
12/12/2021, 17:37:19 - INFO - Server is running on port: 3030 
12/12/2021, 17:37:44 - INFO - Server is running on port: 3030 
12/12/2021, 17:37:46 - INFO - Server is running on port: 3030 
12/12/2021, 17:39:31 - INFO - Server is running on port: 3030 
12/12/2021, 17:39:39 - ERROR - cannot find todos | CastError: Cast to string failed for value "{ title: '' }" (type Object) at path "text" for model "Todo" 
12/12/2021, 17:39:39 - ERROR - Failed to get todos | CastError: Cast to string failed for value "{ title: '' }" (type Object) at path "text" for model "Todo" 
12/12/2021, 17:39:40 - ERROR - cannot find todos | CastError: Cast to string failed for value "{}" (type Object) at path "text" for model "Todo" 
12/12/2021, 17:39:40 - ERROR - Failed to get todos | CastError: Cast to string failed for value "{}" (type Object) at path "text" for model "Todo" 
12/12/2021, 17:39:40 - ERROR - cannot find todos | CastError: Cast to string failed for value "{ title: '' }" (type Object) at path "text" for model "Todo" 
12/12/2021, 17:39:40 - ERROR - Failed to get todos | CastError: Cast to string failed for value "{ title: '' }" (type Object) at path "text" for model "Todo" 
12/12/2021, 17:39:43 - ERROR - cannot find todos | CastError: Cast to string failed for value "{ title: 's' }" (type Object) at path "text" for model "Todo" 
12/12/2021, 17:39:43 - ERROR - Failed to get todos | CastError: Cast to string failed for value "{ title: 's' }" (type Object) at path "text" for model "Todo" 
12/12/2021, 17:40:00 - ERROR - cannot find todos | CastError: Cast to string failed for value "{ title: '' }" (type Object) at path "text" for model "Todo" 
12/12/2021, 17:40:00 - ERROR - Failed to get todos | CastError: Cast to string failed for value "{ title: '' }" (type Object) at path "text" for model "Todo" 
12/12/2021, 17:40:06 - INFO - Server is running on port: 3030 
12/12/2021, 17:40:49 - INFO - Server is running on port: 3030 
12/12/2021, 17:40:51 - ERROR - cannot find todos | CastError: Cast to string failed for value "{}" (type Object) at path "text" for model "Todo" 
12/12/2021, 17:40:51 - ERROR - Failed to get todos | CastError: Cast to string failed for value "{}" (type Object) at path "text" for model "Todo" 
12/12/2021, 17:40:51 - ERROR - cannot find todos | CastError: Cast to string failed for value "{ title: '' }" (type Object) at path "text" for model "Todo" 
12/12/2021, 17:40:51 - ERROR - Failed to get todos | CastError: Cast to string failed for value "{ title: '' }" (type Object) at path "text" for model "Todo" 
12/12/2021, 17:41:09 - ERROR - cannot find todos | CastError: Cast to string failed for value "{}" (type Object) at path "text" for model "Todo" 
12/12/2021, 17:41:09 - ERROR - Failed to get todos | CastError: Cast to string failed for value "{}" (type Object) at path "text" for model "Todo" 
12/12/2021, 17:41:09 - ERROR - cannot find todos | CastError: Cast to string failed for value "{ title: '' }" (type Object) at path "text" for model "Todo" 
12/12/2021, 17:41:09 - ERROR - Failed to get todos | CastError: Cast to string failed for value "{ title: '' }" (type Object) at path "text" for model "Todo" 
12/12/2021, 17:43:17 - INFO - Server is running on port: 3030 
12/12/2021, 17:43:41 - INFO - Server is running on port: 3030 
12/12/2021, 17:45:26 - INFO - Server is running on port: 3030 
12/12/2021, 17:45:31 - ERROR - cannot find todos | CastError: Cast to string failed for value "{}" (type Object) at path "text" for model "Todo" 
12/12/2021, 17:45:31 - ERROR - Failed to get todos | CastError: Cast to string failed for value "{}" (type Object) at path "text" for model "Todo" 
12/12/2021, 17:45:31 - ERROR - cannot find todos | CastError: Cast to string failed for value "{ title: '' }" (type Object) at path "text" for model "Todo" 
12/12/2021, 17:45:31 - ERROR - Failed to get todos | CastError: Cast to string failed for value "{ title: '' }" (type Object) at path "text" for model "Todo" 
12/12/2021, 17:45:52 - ERROR - cannot find todos | CastError: Cast to string failed for value "{ title: 'z' }" (type Object) at path "text" for model "Todo" 
12/12/2021, 17:45:52 - ERROR - Failed to get todos | CastError: Cast to string failed for value "{ title: 'z' }" (type Object) at path "text" for model "Todo" 
12/12/2021, 17:45:52 - ERROR - cannot find todos | CastError: Cast to string failed for value "{ title: 'zx' }" (type Object) at path "text" for model "Todo" 
12/12/2021, 17:45:52 - ERROR - Failed to get todos | CastError: Cast to string failed for value "{ title: 'zx' }" (type Object) at path "text" for model "Todo" 
12/12/2021, 17:47:36 - ERROR - cannot find todos | CastError: Cast to string failed for value "{}" (type Object) at path "text" for model "Todo" 
12/12/2021, 17:47:36 - ERROR - Failed to get todos | CastError: Cast to string failed for value "{}" (type Object) at path "text" for model "Todo" 
12/12/2021, 17:47:41 - ERROR - cannot find todos | CastError: Cast to string failed for value "{}" (type Object) at path "text" for model "Todo" 
12/12/2021, 17:47:41 - ERROR - Failed to get todos | CastError: Cast to string failed for value "{}" (type Object) at path "text" for model "Todo" 
12/12/2021, 17:47:46 - ERROR - cannot find todos | CastError: Cast to string failed for value "{ title: '' }" (type Object) at path "text" for model "Todo" 
12/12/2021, 17:47:46 - ERROR - Failed to get todos | CastError: Cast to string failed for value "{ title: '' }" (type Object) at path "text" for model "Todo" 
12/12/2021, 17:47:48 - ERROR - cannot find todos | CastError: Cast to string failed for value "{ title: 'V' }" (type Object) at path "text" for model "Todo" 
12/12/2021, 17:47:48 - ERROR - Failed to get todos | CastError: Cast to string failed for value "{ title: 'V' }" (type Object) at path "text" for model "Todo" 
12/12/2021, 17:47:49 - ERROR - cannot find todos | CastError: Cast to string failed for value "{ title: 'VC' }" (type Object) at path "text" for model "Todo" 
12/12/2021, 17:47:49 - ERROR - Failed to get todos | CastError: Cast to string failed for value "{ title: 'VC' }" (type Object) at path "text" for model "Todo" 
12/12/2021, 17:48:47 - INFO - Server is running on port: 3030 
12/12/2021, 17:50:56 - INFO - Server is running on port: 3030 
12/12/2021, 17:50:59 - ERROR - cannot find todos | CastError: Cast to string failed for value "{}" (type Object) at path "text" for model "Todo" 
12/12/2021, 17:50:59 - ERROR - Failed to get todos | CastError: Cast to string failed for value "{}" (type Object) at path "text" for model "Todo" 
12/12/2021, 17:50:59 - ERROR - cannot find todos | CastError: Cast to string failed for value "{ title: '' }" (type Object) at path "text" for model "Todo" 
12/12/2021, 17:50:59 - ERROR - Failed to get todos | CastError: Cast to string failed for value "{ title: '' }" (type Object) at path "text" for model "Todo" 
12/12/2021, 17:51:51 - INFO - Server is running on port: 3030 
12/12/2021, 17:52:13 - INFO - Server is running on port: 3030 
12/12/2021, 17:52:15 - ERROR - cannot find todos | ReferenceError: text is not defined 
12/12/2021, 17:52:15 - ERROR - Failed to get todos | ReferenceError: text is not defined 
12/12/2021, 17:52:15 - ERROR - cannot find todos | ReferenceError: text is not defined 
12/12/2021, 17:52:15 - ERROR - Failed to get todos | ReferenceError: text is not defined 
12/12/2021, 17:52:21 - INFO - Server is running on port: 3030 
12/12/2021, 17:52:23 - ERROR - cannot find todos | ReferenceError: S is not defined 
12/12/2021, 17:52:23 - ERROR - Failed to get todos | ReferenceError: S is not defined 
12/12/2021, 17:52:23 - ERROR - cannot find todos | ReferenceError: S is not defined 
12/12/2021, 17:52:23 - ERROR - Failed to get todos | ReferenceError: S is not defined 
12/12/2021, 17:52:29 - INFO - Server is running on port: 3030 
12/12/2021, 17:52:31 - ERROR - cannot find todos | ReferenceError: s is not defined 
12/12/2021, 17:52:31 - ERROR - Failed to get todos | ReferenceError: s is not defined 
12/12/2021, 17:52:31 - ERROR - cannot find todos | ReferenceError: s is not defined 
12/12/2021, 17:52:31 - ERROR - Failed to get todos | ReferenceError: s is not defined 
12/12/2021, 17:52:39 - ERROR - cannot find todos | ReferenceError: s is not defined 
12/12/2021, 17:52:39 - ERROR - Failed to get todos | ReferenceError: s is not defined 
12/12/2021, 17:53:10 - INFO - Server is running on port: 3030 
12/12/2021, 17:53:12 - ERROR - cannot find todos | ReferenceError: s is not defined 
12/12/2021, 17:53:12 - ERROR - Failed to get todos | ReferenceError: s is not defined 
12/12/2021, 17:53:12 - ERROR - cannot find todos | ReferenceError: s is not defined 
12/12/2021, 17:53:12 - ERROR - Failed to get todos | ReferenceError: s is not defined 
12/12/2021, 17:53:22 - INFO - Server is running on port: 3030 
12/12/2021, 17:53:25 - ERROR - cannot find todos | ReferenceError: s is not defined 
12/12/2021, 17:53:25 - ERROR - Failed to get todos | ReferenceError: s is not defined 
12/12/2021, 17:53:25 - ERROR - cannot find todos | ReferenceError: s is not defined 
12/12/2021, 17:53:25 - ERROR - Failed to get todos | ReferenceError: s is not defined 
12/12/2021, 17:53:36 - INFO - Server is running on port: 3030 
12/12/2021, 17:53:52 - INFO - Server is running on port: 3030 
12/12/2021, 17:54:40 - INFO - Server is running on port: 3030 
12/12/2021, 17:55:28 - INFO - Server is running on port: 3030 
12/12/2021, 18:01:50 - INFO - Server is running on port: 3030 
12/12/2021, 18:02:46 - INFO - Server is running on port: 3030 
12/12/2021, 18:02:59 - INFO - Server is running on port: 3030 
12/12/2021, 18:03:00 - ERROR - cannot find todos | Error: all() must be used after where() when called with these arguments 
12/12/2021, 18:03:00 - ERROR - Failed to get todos | Error: all() must be used after where() when called with these arguments 
12/12/2021, 18:03:00 - ERROR - cannot find todos | Error: all() must be used after where() when called with these arguments 
12/12/2021, 18:03:00 - ERROR - Failed to get todos | Error: all() must be used after where() when called with these arguments 
12/12/2021, 18:03:02 - ERROR - cannot find todos | Error: all() must be used after where() when called with these arguments 
12/12/2021, 18:03:02 - ERROR - Failed to get todos | Error: all() must be used after where() when called with these arguments 
12/12/2021, 18:03:03 - ERROR - cannot find todos | Error: all() must be used after where() when called with these arguments 
12/12/2021, 18:03:03 - ERROR - Failed to get todos | Error: all() must be used after where() when called with these arguments 
12/12/2021, 18:03:04 - ERROR - cannot find todos | Error: all() must be used after where() when called with these arguments 
12/12/2021, 18:03:04 - ERROR - Failed to get todos | Error: all() must be used after where() when called with these arguments 
12/12/2021, 18:03:04 - ERROR - cannot find todos | Error: all() must be used after where() when called with these arguments 
12/12/2021, 18:03:04 - ERROR - Failed to get todos | Error: all() must be used after where() when called with these arguments 
12/12/2021, 18:03:04 - ERROR - cannot find todos | Error: all() must be used after where() when called with these arguments 
12/12/2021, 18:03:04 - ERROR - Failed to get todos | Error: all() must be used after where() when called with these arguments 
12/12/2021, 18:03:05 - ERROR - cannot find todos | Error: all() must be used after where() when called with these arguments 
12/12/2021, 18:03:05 - ERROR - Failed to get todos | Error: all() must be used after where() when called with these arguments 
12/12/2021, 18:03:05 - ERROR - cannot find todos | Error: all() must be used after where() when called with these arguments 
12/12/2021, 18:03:05 - ERROR - Failed to get todos | Error: all() must be used after where() when called with these arguments 
12/12/2021, 18:03:05 - ERROR - cannot find todos | Error: all() must be used after where() when called with these arguments 
12/12/2021, 18:03:05 - ERROR - Failed to get todos | Error: all() must be used after where() when called with these arguments 
12/12/2021, 18:03:51 - INFO - Server is running on port: 3030 
12/12/2021, 18:03:54 - ERROR - cannot find todos | Error: all() must be used after where() when called with these arguments 
12/12/2021, 18:03:54 - ERROR - Failed to get todos | Error: all() must be used after where() when called with these arguments 
12/12/2021, 18:03:54 - ERROR - cannot find todos | Error: all() must be used after where() when called with these arguments 
12/12/2021, 18:03:54 - ERROR - Failed to get todos | Error: all() must be used after where() when called with these arguments 
12/12/2021, 18:15:58 - INFO - Server is running on port: 3030 
12/12/2021, 18:16:04 - ERROR - cannot find todos | Error: Can't use option with String. 
12/12/2021, 18:16:04 - ERROR - Failed to get todos | Error: Can't use option with String. 
12/12/2021, 18:16:13 - INFO - Server is running on port: 3030 
12/12/2021, 18:16:15 - ERROR - cannot find todos | Error: Can't use option with String. 
12/12/2021, 18:16:15 - ERROR - Failed to get todos | Error: Can't use option with String. 
12/12/2021, 18:16:15 - ERROR - cannot find todos | Error: Can't use option with String. 
12/12/2021, 18:16:15 - ERROR - Failed to get todos | Error: Can't use option with String. 
12/12/2021, 18:16:17 - ERROR - cannot find todos | Error: Can't use option with String. 
12/12/2021, 18:16:17 - ERROR - Failed to get todos | Error: Can't use option with String. 
12/12/2021, 18:19:22 - INFO - Server is running on port: 3030 
12/12/2021, 18:19:55 - INFO - Server is running on port: 3030 
12/12/2021, 18:20:01 - INFO - Server is running on port: 3030 
12/12/2021, 18:22:21 - INFO - Server is running on port: 3030 
12/12/2021, 18:27:03 - INFO - Server is running on port: 3030 
12/12/2021, 18:35:03 - INFO - Server is running on port: 3030 
12/12/2021, 18:35:06 - ERROR - cannot find todos | MongoServerError: $regex has to be a string 
12/12/2021, 18:35:06 - ERROR - Failed to get todos | MongoServerError: $regex has to be a string 
12/12/2021, 18:35:17 - ERROR - cannot find todos | MongoServerError: $regex has to be a string 
12/12/2021, 18:35:17 - ERROR - Failed to get todos | MongoServerError: $regex has to be a string 
12/12/2021, 18:35:29 - ERROR - cannot find todos | MongoServerError: $regex has to be a string 
12/12/2021, 18:35:29 - ERROR - Failed to get todos | MongoServerError: $regex has to be a string 
12/12/2021, 18:35:30 - ERROR - cannot find todos | MongoServerError: $regex has to be a string 
12/12/2021, 18:35:30 - ERROR - Failed to get todos | MongoServerError: $regex has to be a string 
12/12/2021, 18:35:31 - ERROR - cannot find todos | MongoServerError: $regex has to be a string 
12/12/2021, 18:35:31 - ERROR - Failed to get todos | MongoServerError: $regex has to be a string 
12/12/2021, 18:35:31 - ERROR - cannot find todos | MongoServerError: $regex has to be a string 
12/12/2021, 18:35:31 - ERROR - Failed to get todos | MongoServerError: $regex has to be a string 
12/12/2021, 18:35:34 - ERROR - cannot find todos | MongoServerError: $regex has to be a string 
12/12/2021, 18:35:34 - ERROR - Failed to get todos | MongoServerError: $regex has to be a string 
12/12/2021, 18:35:35 - ERROR - cannot find todos | MongoServerError: $regex has to be a string 
12/12/2021, 18:35:35 - ERROR - Failed to get todos | MongoServerError: $regex has to be a string 
12/12/2021, 18:35:36 - ERROR - cannot find todos | MongoServerError: $regex has to be a string 
12/12/2021, 18:35:36 - ERROR - Failed to get todos | MongoServerError: $regex has to be a string 
12/12/2021, 18:35:37 - ERROR - cannot find todos | MongoServerError: $regex has to be a string 
12/12/2021, 18:35:37 - ERROR - Failed to get todos | MongoServerError: $regex has to be a string 
12/12/2021, 18:35:39 - ERROR - cannot find todos | MongoServerError: $regex has to be a string 
12/12/2021, 18:35:39 - ERROR - Failed to get todos | MongoServerError: $regex has to be a string 
12/12/2021, 18:35:40 - ERROR - cannot find todos | MongoServerError: $regex has to be a string 
12/12/2021, 18:35:40 - ERROR - Failed to get todos | MongoServerError: $regex has to be a string 
12/12/2021, 18:36:03 - ERROR - cannot find todos | MongoServerError: $regex has to be a string 
12/12/2021, 18:36:03 - ERROR - Failed to get todos | MongoServerError: $regex has to be a string 
12/12/2021, 18:36:26 - INFO - Server is running on port: 3030 
12/12/2021, 18:36:27 - INFO - Server is running on port: 3030 
12/12/2021, 18:36:34 - ERROR - cannot find todos | MongoServerError: $regex has to be a string 
12/12/2021, 18:36:34 - ERROR - Failed to get todos | MongoServerError: $regex has to be a string 
12/12/2021, 18:36:40 - INFO - Server is running on port: 3030 
12/12/2021, 18:36:50 - INFO - Server is running on port: 3030 
12/12/2021, 18:37:05 - ERROR - cannot find todos | MongoServerError: $regex has to be a string 
12/12/2021, 18:37:05 - ERROR - Failed to get todos | MongoServerError: $regex has to be a string 
12/12/2021, 18:37:08 - ERROR - cannot find todos | MongoServerError: $regex has to be a string 
12/12/2021, 18:37:08 - ERROR - Failed to get todos | MongoServerError: $regex has to be a string 
12/12/2021, 18:37:19 - ERROR - cannot find todos | MongoServerError: $regex has to be a string 
12/12/2021, 18:37:19 - ERROR - Failed to get todos | MongoServerError: $regex has to be a string 
12/12/2021, 18:37:20 - ERROR - cannot find todos | MongoServerError: $regex has to be a string 
12/12/2021, 18:37:20 - ERROR - Failed to get todos | MongoServerError: $regex has to be a string 
12/12/2021, 18:37:34 - ERROR - cannot find todos | MongoServerError: $regex has to be a string 
12/12/2021, 18:37:34 - ERROR - Failed to get todos | MongoServerError: $regex has to be a string 
12/12/2021, 18:37:56 - ERROR - cannot find todos | MongoServerError: $regex has to be a string 
12/12/2021, 18:37:56 - ERROR - Failed to get todos | MongoServerError: $regex has to be a string 
12/12/2021, 18:37:59 - ERROR - cannot find todos | MongoServerError: $regex has to be a string 
12/12/2021, 18:37:59 - ERROR - Failed to get todos | MongoServerError: $regex has to be a string 
12/12/2021, 18:38:22 - ERROR - cannot find todos | MongoServerError: $regex has to be a string 
12/12/2021, 18:38:22 - ERROR - Failed to get todos | MongoServerError: $regex has to be a string 
12/12/2021, 18:38:27 - ERROR - cannot find todos | MongoServerError: $regex has to be a string 
12/12/2021, 18:38:27 - ERROR - Failed to get todos | MongoServerError: $regex has to be a string 
12/12/2021, 18:39:20 - ERROR - cannot find todos | MongoServerError: $regex has to be a string 
12/12/2021, 18:39:20 - ERROR - Failed to get todos | MongoServerError: $regex has to be a string 
12/12/2021, 18:39:52 - ERROR - cannot find todos | MongoServerError: $regex has to be a string 
12/12/2021, 18:39:52 - ERROR - Failed to get todos | MongoServerError: $regex has to be a string 
12/12/2021, 18:40:01 - ERROR - cannot find todos | MongoServerError: $regex has to be a string 
12/12/2021, 18:40:01 - ERROR - Failed to get todos | MongoServerError: $regex has to be a string 
12/12/2021, 18:40:03 - ERROR - cannot find todos | MongoServerError: $regex has to be a string 
12/12/2021, 18:40:03 - ERROR - Failed to get todos | MongoServerError: $regex has to be a string 
12/12/2021, 18:40:21 - ERROR - cannot find todos | MongoServerError: $regex has to be a string 
12/12/2021, 18:40:21 - ERROR - Failed to get todos | MongoServerError: $regex has to be a string 
12/12/2021, 18:40:24 - ERROR - cannot find todos | MongoServerError: $regex has to be a string 
12/12/2021, 18:40:24 - ERROR - Failed to get todos | MongoServerError: $regex has to be a string 
12/12/2021, 18:40:25 - ERROR - cannot find todos | MongoServerError: $regex has to be a string 
12/12/2021, 18:40:25 - ERROR - Failed to get todos | MongoServerError: $regex has to be a string 
12/12/2021, 18:40:48 - ERROR - cannot find todos | MongoServerError: $regex has to be a string 
12/12/2021, 18:40:48 - ERROR - Failed to get todos | MongoServerError: $regex has to be a string 
12/12/2021, 18:40:50 - ERROR - cannot find todos | MongoServerError: $regex has to be a string 
12/12/2021, 18:40:50 - ERROR - Failed to get todos | MongoServerError: $regex has to be a string 
12/12/2021, 18:47:13 - ERROR - cannot find todos | MongoServerError: $regex has to be a string 
12/12/2021, 18:47:13 - ERROR - Failed to get todos | MongoServerError: $regex has to be a string 
12/12/2021, 18:47:14 - ERROR - cannot find todos | MongoServerError: $regex has to be a string 
12/12/2021, 18:47:14 - ERROR - Failed to get todos | MongoServerError: $regex has to be a string 
12/12/2021, 18:47:30 - ERROR - cannot find todos | MongoServerError: $regex has to be a string 
12/12/2021, 18:47:30 - ERROR - Failed to get todos | MongoServerError: $regex has to be a string 
12/12/2021, 18:48:12 - ERROR - cannot find todos | MongoServerError: $regex has to be a string 
12/12/2021, 18:48:12 - ERROR - Failed to get todos | MongoServerError: $regex has to be a string 
12/12/2021, 18:48:21 - ERROR - cannot find todos | MongoServerError: $regex has to be a string 
12/12/2021, 18:48:21 - ERROR - Failed to get todos | MongoServerError: $regex has to be a string 
12/12/2021, 18:48:36 - ERROR - cannot find todos | MongoServerError: $regex has to be a string 
12/12/2021, 18:48:36 - ERROR - Failed to get todos | MongoServerError: $regex has to be a string 
12/12/2021, 18:48:38 - ERROR - cannot find todos | MongoServerError: $regex has to be a string 
12/12/2021, 18:48:38 - ERROR - Failed to get todos | MongoServerError: $regex has to be a string 
12/12/2021, 18:49:06 - ERROR - cannot find todos | MongoServerError: $regex has to be a string 
12/12/2021, 18:49:06 - ERROR - Failed to get todos | MongoServerError: $regex has to be a string 
12/12/2021, 18:49:09 - ERROR - cannot find todos | MongoServerError: $regex has to be a string 
12/12/2021, 18:49:09 - ERROR - Failed to get todos | MongoServerError: $regex has to be a string 
12/12/2021, 18:53:35 - ERROR - cannot find todos | MongoServerError: $regex has to be a string 
12/12/2021, 18:53:35 - ERROR - Failed to get todos | MongoServerError: $regex has to be a string 
12/12/2021, 18:53:39 - ERROR - cannot find todos | MongoServerError: $regex has to be a string 
12/12/2021, 18:53:39 - ERROR - Failed to get todos | MongoServerError: $regex has to be a string 
12/12/2021, 18:53:39 - ERROR - cannot find todos | MongoServerError: $regex has to be a string 
12/12/2021, 18:53:39 - ERROR - Failed to get todos | MongoServerError: $regex has to be a string 
12/12/2021, 18:54:02 - ERROR - cannot find todos | MongoServerError: $regex has to be a string 
12/12/2021, 18:54:02 - ERROR - Failed to get todos | MongoServerError: $regex has to be a string 
12/12/2021, 18:54:16 - ERROR - cannot find todos | MongoServerError: $regex has to be a string 
12/12/2021, 18:54:16 - ERROR - Failed to get todos | MongoServerError: $regex has to be a string 
12/12/2021, 18:54:23 - ERROR - cannot find todos | MongoServerError: $regex has to be a string 
12/12/2021, 18:54:23 - ERROR - Failed to get todos | MongoServerError: $regex has to be a string 
12/12/2021, 18:54:25 - ERROR - cannot find todos | MongoServerError: $regex has to be a string 
12/12/2021, 18:54:25 - ERROR - Failed to get todos | MongoServerError: $regex has to be a string 
12/12/2021, 18:54:30 - ERROR - cannot find todos | MongoServerError: $regex has to be a string 
12/12/2021, 18:54:30 - ERROR - Failed to get todos | MongoServerError: $regex has to be a string 
12/12/2021, 18:54:30 - ERROR - cannot find todos | MongoServerError: $regex has to be a string 
12/12/2021, 18:54:30 - ERROR - Failed to get todos | MongoServerError: $regex has to be a string 
12/12/2021, 18:54:42 - ERROR - cannot find todos | MongoServerError: $regex has to be a string 
12/12/2021, 18:54:42 - ERROR - Failed to get todos | MongoServerError: $regex has to be a string 
12/12/2021, 18:54:44 - ERROR - cannot find todos | MongoServerError: $regex has to be a string 
12/12/2021, 18:54:44 - ERROR - Failed to get todos | MongoServerError: $regex has to be a string 
12/12/2021, 18:54:44 - ERROR - cannot find todos | MongoServerError: $regex has to be a string 
12/12/2021, 18:54:44 - ERROR - Failed to get todos | MongoServerError: $regex has to be a string 
12/12/2021, 18:54:56 - ERROR - cannot find todos | MongoServerError: $regex has to be a string 
12/12/2021, 18:54:56 - ERROR - Failed to get todos | MongoServerError: $regex has to be a string 
12/12/2021, 18:59:55 - INFO - Server is running on port: 3030 
12/12/2021, 19:00:39 - INFO - Server is running on port: 3030 
12/12/2021, 19:00:45 - ERROR - cannot find todos | MongoServerError: $regex has to be a string 
12/12/2021, 19:00:45 - ERROR - Failed to get todos | MongoServerError: $regex has to be a string 
12/12/2021, 19:01:39 - INFO - Server is running on port: 3030 
12/12/2021, 19:02:19 - INFO - Server is running on port: 3030 
12/12/2021, 19:03:36 - INFO - Server is running on port: 3030 
12/12/2021, 20:07:42 - ERROR - cannot remove Todo undefined | CastError: Cast to ObjectId failed for value "undefined" (type string) at path "_id" for model "Todo" 
12/12/2021, 20:07:42 - ERROR - Failed to remove todo | CastError: Cast to ObjectId failed for value "undefined" (type string) at path "_id" for model "Todo" 
12/12/2021, 22:49:03 - INFO - Server is running on port: 3030 
12/12/2021, 22:58:47 - INFO - Server is running on port: 3030 
12/12/2021, 23:00:19 - INFO - Server is running on port: 3030 
12/12/2021, 23:00:59 - INFO - Server is running on port: 3030 
12/12/2021, 23:02:22 - INFO - Server is running on port: 3030 
12/12/2021, 23:02:40 - INFO - Server is running on port: 3030 
12/12/2021, 23:03:28 - INFO - Server is running on port: 3030 
12/12/2021, 23:03:40 - INFO - Server is running on port: 3030 
12/12/2021, 23:03:55 - INFO - Server is running on port: 3030 
12/12/2021, 23:07:47 - INFO - Server is running on port: 3030 
12/12/2021, 23:08:56 - INFO - Server is running on port: 3030 
12/12/2021, 23:11:39 - INFO - Server is running on port: 3030 
12/12/2021, 23:12:17 - INFO - Server is running on port: 3030 
12/12/2021, 23:12:34 - INFO - Server is running on port: 3030 
12/12/2021, 23:13:56 - INFO - Server is running on port: 3030 
12/12/2021, 23:15:29 - INFO - Server is running on port: 3030 
12/12/2021, 23:16:12 - INFO - Server is running on port: 3030 
13/12/2021, 8:18:05 - INFO - Server is running on port: 3030 
13/12/2021, 11:54:54 - INFO - Server is running on port: 3030 
13/12/2021, 12:01:42 - INFO - Server is running on port: 3030 
13/12/2021, 12:05:21 - INFO - Server is running on port: 3030 
13/12/2021, 12:06:13 - INFO - Server is running on port: 3030 
13/12/2021, 12:06:43 - INFO - Server is running on port: 3030 
13/12/2021, 12:41:46 - INFO - Server is running on port: 3030 
14/12/2021, 13:00:19 - INFO - Server is running on port: 3030 
14/12/2021, 14:01:49 - INFO - Server is running on port: 3030 
15/12/2021, 12:31:26 - INFO - Server is running on port: 3030 
